[2021-08-24T22:12:59+08:00][ info ] [ LANG ] /opt/lampp/htdocs/demo/thinkphp/lang/zh-cn.php
info
[2021-08-24T22:12:59+08:00][ info ] [ DB ] INIT mysql
info
[2021-08-24T22:13:17+08:00][ info ] [ LANG ] /opt/lampp/htdocs/demo/thinkphp/lang/zh-cn.php
info
[2021-08-24T22:13:17+08:00][ info ] [ DB ] INIT mysql
info
[2021-08-24T22:13:49+08:00][ info ] [ LANG ] /opt/lampp/htdocs/demo/thinkphp/lang/zh-cn.php
info
[2021-08-24T22:13:49+08:00][ info ] [ DB ] INIT mysql
info
[2021-08-24T22:14:39+08:00][ info ] [ LANG ] /opt/lampp/htdocs/demo/thinkphp/lang/zh-cn.php
info
[2021-08-24T22:14:39+08:00][ info ] [ DB ] INIT mysql
info
[2021-08-24T22:14:39+08:00][ sql ] [ DB ] CONNECT:[ UseTime:0.000414s ] mysql:host=127.0.0.1;port=3306;dbname=admin51;charset=utf8mb4
sql
[2021-08-24T22:14:39+08:00][ sql ] [ SQL ] SHOW COLUMNS FROM `admin_menu` [ RunTime:0.001624s ]
sql
[2021-08-24T22:14:39+08:00][ sql ] [ SQL ] INSERT INTO `admin_menu` (`id` , `parent_id` , `name` , `url` , `icon` , `is_show` , `sort_id` , `log_method`) VALUES (1 , 0 , '后台首页' , 'admin/index/index' , 'fa-home' , 1 , 99 , '不记录') [ RunTime:0.000651s ]
sql
[2021-08-24T22:14:39+08:00][ sql ] [ SQL ] INSERT INTO `admin_menu` (`id` , `parent_id` , `name` , `url` , `icon` , `is_show` , `sort_id` , `log_method`) VALUES (2 , 0 , '系统管理' , 'admin/sys' , 'fa-desktop' , 1 , 1099 , '不记录') [ RunTime:0.000861s ]
sql
[2021-08-24T22:14:39+08:00][ sql ] [ SQL ] INSERT INTO `admin_menu` (`id` , `parent_id` , `name` , `url` , `icon` , `is_show` , `sort_id` , `log_method`) VALUES (3 , 2 , '用户管理' , 'admin/admin_user/index' , 'fa-user' , 1 , 1000 , '不记录') [ RunTime:0.000640s ]
sql
[2021-08-24T22:14:39+08:00][ sql ] [ SQL ] INSERT INTO `admin_menu` (`id` , `parent_id` , `name` , `url` , `icon` , `is_show` , `sort_id` , `log_method`) VALUES (4 , 3 , '添加用户' , 'admin/admin_user/add' , 'fa-plus' , 0 , 1000 , 'POST') [ RunTime:0.000821s ]
sql
[2021-08-24T22:14:39+08:00][ sql ] [ SQL ] INSERT INTO `admin_menu` (`id` , `parent_id` , `name` , `url` , `icon` , `is_show` , `sort_id` , `log_method`) VALUES (5 , 3 , '修改用户' , 'admin/admin_user/edit' , 'fa-edit' , 0 , 1000 , 'POST') [ RunTime:0.000483s ]
sql
[2021-08-24T22:14:39+08:00][ sql ] [ SQL ] INSERT INTO `admin_menu` (`id` , `parent_id` , `name` , `url` , `icon` , `is_show` , `sort_id` , `log_method`) VALUES (6 , 3 , '删除用户' , 'admin/admin_user/del' , 'fa-close' , 0 , 1000 , 'POST') [ RunTime:0.000480s ]
sql
[2021-08-24T22:14:39+08:00][ sql ] [ SQL ] INSERT INTO `admin_menu` (`id` , `parent_id` , `name` , `url` , `icon` , `is_show` , `sort_id` , `log_method`) VALUES (7 , 2 , '角色管理' , 'admin/admin_role/index' , 'fa-group' , 1 , 1000 , '不记录') [ RunTime:0.000478s ]
sql
[2021-08-24T22:14:39+08:00][ sql ] [ SQL ] INSERT INTO `admin_menu` (`id` , `parent_id` , `name` , `url` , `icon` , `is_show` , `sort_id` , `log_method`) VALUES (8 , 7 , '添加角色' , 'admin/admin_role/add' , 'fa-plus' , 0 , 1000 , 'POST') [ RunTime:0.000479s ]
sql
[2021-08-24T22:14:39+08:00][ sql ] [ SQL ] INSERT INTO `admin_menu` (`id` , `parent_id` , `name` , `url` , `icon` , `is_show` , `sort_id` , `log_method`) VALUES (9 , 7 , '修改角色' , 'admin/admin_role/edit' , 'fa-edit' , 0 , 1000 , 'POST') [ RunTime:0.000494s ]
sql
[2021-08-24T22:14:39+08:00][ sql ] [ SQL ] INSERT INTO `admin_menu` (`id` , `parent_id` , `name` , `url` , `icon` , `is_show` , `sort_id` , `log_method`) VALUES (10 , 7 , '删除角色' , 'admin/admin_role/del' , 'fa-close' , 0 , 1000 , 'POST') [ RunTime:0.000466s ]
sql
[2021-08-24T22:14:39+08:00][ sql ] [ SQL ] INSERT INTO `admin_menu` (`id` , `parent_id` , `name` , `url` , `icon` , `is_show` , `sort_id` , `log_method`) VALUES (11 , 7 , '角色授权' , 'admin/admin_role/access' , 'fa-key' , 0 , 1000 , 'POST') [ RunTime:0.000451s ]
sql
[2021-08-24T22:14:39+08:00][ sql ] [ SQL ] INSERT INTO `admin_menu` (`id` , `parent_id` , `name` , `url` , `icon` , `is_show` , `sort_id` , `log_method`) VALUES (12 , 2 , '菜单管理' , 'admin/admin_menu/index' , 'fa-align-justify' , 1 , 1000 , '不记录') [ RunTime:0.000453s ]
sql
[2021-08-24T22:14:39+08:00][ sql ] [ SQL ] INSERT INTO `admin_menu` (`id` , `parent_id` , `name` , `url` , `icon` , `is_show` , `sort_id` , `log_method`) VALUES (13 , 12 , '添加菜单' , 'admin/admin_menu/add' , 'fa-plus' , 0 , 1000 , 'POST') [ RunTime:0.000446s ]
sql
[2021-08-24T22:14:39+08:00][ sql ] [ SQL ] INSERT INTO `admin_menu` (`id` , `parent_id` , `name` , `url` , `icon` , `is_show` , `sort_id` , `log_method`) VALUES (14 , 12 , '修改菜单' , 'admin/admin_menu/edit' , 'fa-edit' , 0 , 1000 , 'POST') [ RunTime:0.000432s ]
sql
[2021-08-24T22:14:39+08:00][ sql ] [ SQL ] INSERT INTO `admin_menu` (`id` , `parent_id` , `name` , `url` , `icon` , `is_show` , `sort_id` , `log_method`) VALUES (15 , 12 , '删除菜单' , 'admin/admin_menu/del' , 'fa-close' , 0 , 1000 , 'POST') [ RunTime:0.000417s ]
sql
[2021-08-24T22:14:39+08:00][ sql ] [ SQL ] INSERT INTO `admin_menu` (`id` , `parent_id` , `name` , `url` , `icon` , `is_show` , `sort_id` , `log_method`) VALUES (16 , 2 , '操作日志' , 'admin/admin_log/index' , 'fa-keyboard-o' , 1 , 1000 , '不记录') [ RunTime:0.000429s ]
sql
[2021-08-24T22:14:39+08:00][ sql ] [ SQL ] INSERT INTO `admin_menu` (`id` , `parent_id` , `name` , `url` , `icon` , `is_show` , `sort_id` , `log_method`) VALUES (17 , 16 , '查看操作日志详情' , 'admin/admin_log/view' , 'fa-search-plus' , 0 , 1000 , '不记录') [ RunTime:0.000419s ]
sql
[2021-08-24T22:14:39+08:00][ sql ] [ SQL ] INSERT INTO `admin_menu` (`id` , `parent_id` , `name` , `url` , `icon` , `is_show` , `sort_id` , `log_method`) VALUES (18 , 2 , '个人资料' , 'admin/admin_user/profile' , 'fa-smile-o' , 1 , 1000 , 'POST') [ RunTime:0.000396s ]
sql
[2021-08-24T22:14:39+08:00][ sql ] [ SQL ] INSERT INTO `admin_menu` (`id` , `parent_id` , `name` , `url` , `icon` , `is_show` , `sort_id` , `log_method`) VALUES (19 , 0 , '用户管理' , 'admin/user/mange' , 'fa-users' , 1 , 1000 , '不记录') [ RunTime:0.000497s ]
sql
[2021-08-24T22:14:39+08:00][ sql ] [ SQL ] INSERT INTO `admin_menu` (`id` , `parent_id` , `name` , `url` , `icon` , `is_show` , `sort_id` , `log_method`) VALUES (20 , 19 , '用户管理' , 'admin/user/index' , 'fa-user' , 1 , 1000 , '不记录') [ RunTime:0.000470s ]
sql
[2021-08-24T22:14:39+08:00][ sql ] [ SQL ] INSERT INTO `admin_menu` (`id` , `parent_id` , `name` , `url` , `icon` , `is_show` , `sort_id` , `log_method`) VALUES (21 , 20 , '添加用户' , 'admin/user/add' , 'fa-plus' , 0 , 1000 , 'POST') [ RunTime:0.000401s ]
sql
[2021-08-24T22:14:39+08:00][ sql ] [ SQL ] INSERT INTO `admin_menu` (`id` , `parent_id` , `name` , `url` , `icon` , `is_show` , `sort_id` , `log_method`) VALUES (22 , 20 , '修改用户' , 'admin/user/edit' , 'fa-pencil' , 0 , 1000 , 'POST') [ RunTime:0.000407s ]
sql
[2021-08-24T22:14:39+08:00][ sql ] [ SQL ] INSERT INTO `admin_menu` (`id` , `parent_id` , `name` , `url` , `icon` , `is_show` , `sort_id` , `log_method`) VALUES (23 , 20 , '删除用户' , 'admin/user/del' , 'fa-trash' , 0 , 1000 , 'POST') [ RunTime:0.000608s ]
sql
[2021-08-24T22:14:39+08:00][ sql ] [ SQL ] INSERT INTO `admin_menu` (`id` , `parent_id` , `name` , `url` , `icon` , `is_show` , `sort_id` , `log_method`) VALUES (24 , 20 , '启用用户' , 'admin/user/enable' , 'fa-circle' , 0 , 1000 , 'POST') [ RunTime:0.000451s ]
sql
[2021-08-24T22:14:39+08:00][ sql ] [ SQL ] INSERT INTO `admin_menu` (`id` , `parent_id` , `name` , `url` , `icon` , `is_show` , `sort_id` , `log_method`) VALUES (25 , 20 , '禁用用户' , 'admin/user/disable' , 'fa-circle' , 0 , 1000 , 'POST') [ RunTime:0.000403s ]
sql
[2021-08-24T22:14:39+08:00][ sql ] [ SQL ] INSERT INTO `admin_menu` (`id` , `parent_id` , `name` , `url` , `icon` , `is_show` , `sort_id` , `log_method`) VALUES (26 , 19 , '用户等级管理' , 'admin/user_level/index' , 'fa-th-list' , 1 , 1000 , '不记录') [ RunTime:0.000506s ]
sql
[2021-08-24T22:14:39+08:00][ sql ] [ SQL ] INSERT INTO `admin_menu` (`id` , `parent_id` , `name` , `url` , `icon` , `is_show` , `sort_id` , `log_method`) VALUES (27 , 26 , '添加用户等级' , 'admin/user_level/add' , 'fa-plus' , 0 , 1000 , 'POST') [ RunTime:0.000396s ]
sql
[2021-08-24T22:14:39+08:00][ sql ] [ SQL ] INSERT INTO `admin_menu` (`id` , `parent_id` , `name` , `url` , `icon` , `is_show` , `sort_id` , `log_method`) VALUES (28 , 26 , '修改用户等级' , 'admin/user_level/edit' , 'fa-pencil' , 0 , 1000 , 'POST') [ RunTime:0.000409s ]
sql
[2021-08-24T22:14:39+08:00][ sql ] [ SQL ] INSERT INTO `admin_menu` (`id` , `parent_id` , `name` , `url` , `icon` , `is_show` , `sort_id` , `log_method`) VALUES (29 , 26 , '删除用户等级' , 'admin/user_level/del' , 'fa-trash' , 0 , 1000 , 'POST') [ RunTime:0.000400s ]
sql
[2021-08-24T22:14:39+08:00][ sql ] [ SQL ] INSERT INTO `admin_menu` (`id` , `parent_id` , `name` , `url` , `icon` , `is_show` , `sort_id` , `log_method`) VALUES (30 , 26 , '启用用户等级' , 'admin/user_level/enable' , 'fa-circle' , 0 , 1000 , 'POST') [ RunTime:0.000431s ]
sql
[2021-08-24T22:14:39+08:00][ sql ] [ SQL ] INSERT INTO `admin_menu` (`id` , `parent_id` , `name` , `url` , `icon` , `is_show` , `sort_id` , `log_method`) VALUES (31 , 26 , '禁用用户等级' , 'admin/user_level/disable' , 'fa-circle' , 0 , 1000 , 'POST') [ RunTime:0.000396s ]
sql
[2021-08-24T22:14:39+08:00][ sql ] [ SQL ] INSERT INTO `admin_menu` (`id` , `parent_id` , `name` , `url` , `icon` , `is_show` , `sort_id` , `log_method`) VALUES (32 , 2 , '开发管理' , 'admin/develop/manager' , 'fa-code' , 1 , 1005 , '不记录') [ RunTime:0.000394s ]
sql
[2021-08-24T22:14:39+08:00][ sql ] [ SQL ] INSERT INTO `admin_menu` (`id` , `parent_id` , `name` , `url` , `icon` , `is_show` , `sort_id` , `log_method`) VALUES (33 , 32 , '代码生成' , 'admin/generate/index' , 'fa-file-code-o' , 1 , 1000 , '不记录') [ RunTime:0.000394s ]
sql
[2021-08-24T22:14:39+08:00][ sql ] [ SQL ] INSERT INTO `admin_menu` (`id` , `parent_id` , `name` , `url` , `icon` , `is_show` , `sort_id` , `log_method`) VALUES (34 , 32 , '设置配置' , 'admin/develop/setting' , 'fa-cogs' , 1 , 995 , '不记录') [ RunTime:0.000405s ]
sql
[2021-08-24T22:14:39+08:00][ sql ] [ SQL ] INSERT INTO `admin_menu` (`id` , `parent_id` , `name` , `url` , `icon` , `is_show` , `sort_id` , `log_method`) VALUES (35 , 34 , '设置管理' , 'admin/setting/index' , 'fa-cog' , 1 , 1000 , '不记录') [ RunTime:0.000393s ]
sql
[2021-08-24T22:14:39+08:00][ sql ] [ SQL ] INSERT INTO `admin_menu` (`id` , `parent_id` , `name` , `url` , `icon` , `is_show` , `sort_id` , `log_method`) VALUES (36 , 35 , '添加设置' , 'admin/setting/add' , 'fa-plus' , 0 , 1000 , 'POST') [ RunTime:0.000394s ]
sql
[2021-08-24T22:14:39+08:00][ sql ] [ SQL ] INSERT INTO `admin_menu` (`id` , `parent_id` , `name` , `url` , `icon` , `is_show` , `sort_id` , `log_method`) VALUES (37 , 35 , '修改设置' , 'admin/setting/edit' , 'fa-pencil' , 0 , 1000 , 'POST') [ RunTime:0.000398s ]
sql
[2021-08-24T22:14:39+08:00][ sql ] [ SQL ] INSERT INTO `admin_menu` (`id` , `parent_id` , `name` , `url` , `icon` , `is_show` , `sort_id` , `log_method`) VALUES (38 , 35 , '删除设置' , 'admin/setting/del' , 'fa-trash' , 0 , 1000 , 'POST') [ RunTime:0.000459s ]
sql
[2021-08-24T22:14:39+08:00][ sql ] [ SQL ] INSERT INTO `admin_menu` (`id` , `parent_id` , `name` , `url` , `icon` , `is_show` , `sort_id` , `log_method`) VALUES (39 , 34 , '设置分组管理' , 'admin/setting_group/index' , 'fa-list' , 1 , 1000 , '不记录') [ RunTime:0.000373s ]
sql
[2021-08-24T22:14:39+08:00][ sql ] [ SQL ] INSERT INTO `admin_menu` (`id` , `parent_id` , `name` , `url` , `icon` , `is_show` , `sort_id` , `log_method`) VALUES (40 , 39 , '添加设置分组' , 'admin/setting_group/add' , 'fa-plus' , 0 , 1000 , 'POST') [ RunTime:0.000373s ]
sql
[2021-08-24T22:14:39+08:00][ sql ] [ SQL ] INSERT INTO `admin_menu` (`id` , `parent_id` , `name` , `url` , `icon` , `is_show` , `sort_id` , `log_method`) VALUES (41 , 39 , '修改设置分组' , 'admin/setting_group/edit' , 'fa-pencil' , 0 , 1000 , 'POST') [ RunTime:0.000373s ]
sql
[2021-08-24T22:14:39+08:00][ sql ] [ SQL ] INSERT INTO `admin_menu` (`id` , `parent_id` , `name` , `url` , `icon` , `is_show` , `sort_id` , `log_method`) VALUES (42 , 39 , '删除设置分组' , 'admin/setting_group/del' , 'fa-trash' , 0 , 1000 , 'POST') [ RunTime:0.000374s ]
sql
[2021-08-24T22:14:39+08:00][ sql ] [ SQL ] INSERT INTO `admin_menu` (`id` , `parent_id` , `name` , `url` , `icon` , `is_show` , `sort_id` , `log_method`) VALUES (43 , 0 , '设置中心' , 'admin/setting/center' , 'fa-cogs' , 1 , 1000 , '不记录') [ RunTime:0.000499s ]
sql
[2021-08-24T22:14:39+08:00][ sql ] [ SQL ] INSERT INTO `admin_menu` (`id` , `parent_id` , `name` , `url` , `icon` , `is_show` , `sort_id` , `log_method`) VALUES (44 , 43 , '所有配置' , 'admin/setting/all' , 'fa-list' , 1 , 1000 , '不记录') [ RunTime:0.000375s ]
sql
[2021-08-24T22:14:39+08:00][ sql ] [ SQL ] INSERT INTO `admin_menu` (`id` , `parent_id` , `name` , `url` , `icon` , `is_show` , `sort_id` , `log_method`) VALUES (47 , 43 , '后台设置' , 'admin/setting/admin' , 'fa-adjust' , 1 , 1000 , '不记录') [ RunTime:0.000374s ]
sql
[2021-08-24T22:14:39+08:00][ sql ] [ SQL ] INSERT INTO `admin_menu` (`id` , `parent_id` , `name` , `url` , `icon` , `is_show` , `sort_id` , `log_method`) VALUES (48 , 43 , '更新设置' , 'admin/setting/update' , 'fa-pencil' , 0 , 1000 , 'POST') [ RunTime:0.000381s ]
sql
[2021-08-24T22:14:39+08:00][ sql ] [ SQL ] INSERT INTO `admin_menu` (`id` , `parent_id` , `name` , `url` , `icon` , `is_show` , `sort_id` , `log_method`) VALUES (49 , 32 , '数据维护' , 'admin/database/table' , 'fa-database' , 1 , 1000 , '不记录') [ RunTime:0.000373s ]
sql
[2021-08-24T22:14:39+08:00][ sql ] [ SQL ] INSERT INTO `admin_menu` (`id` , `parent_id` , `name` , `url` , `icon` , `is_show` , `sort_id` , `log_method`) VALUES (50 , 49 , '查看表详情' , 'admin/database/view' , 'fa-eye' , 0 , 1000 , '不记录') [ RunTime:0.000424s ]
sql
[2021-08-24T22:14:39+08:00][ sql ] [ SQL ] INSERT INTO `admin_menu` (`id` , `parent_id` , `name` , `url` , `icon` , `is_show` , `sort_id` , `log_method`) VALUES (51 , 49 , '优化表' , 'admin/database/optimize' , 'fa-refresh' , 0 , 1000 , 'POST') [ RunTime:0.000378s ]
sql
[2021-08-24T22:14:39+08:00][ sql ] [ SQL ] INSERT INTO `admin_menu` (`id` , `parent_id` , `name` , `url` , `icon` , `is_show` , `sort_id` , `log_method`) VALUES (52 , 49 , '修复表' , 'admin/database/repair' , 'fa-circle-o-notch' , 0 , 1000 , 'POST') [ RunTime:0.000372s ]
sql
[2021-08-24T22:14:40+08:00][ sql ] [ SQL ] SHOW COLUMNS FROM `admin_user` [ RunTime:0.001238s ]
sql
[2021-08-24T22:14:40+08:00][ sql ] [ SQL ] INSERT INTO `admin_user` (`id` , `username` , `nickname` , `password` , `role`) VALUES (1 , 'super_admin' , '超级管理员' , 'JDJ5JDEwJFhDQUhDWTFDeDVjcFpsRXBjcGFvVy5EVU80WC81WHRZakFBL0E4YXBsUm1tRnh2U1BnaElp' , '1') [ RunTime:0.000543s ]
sql
[2021-08-24T22:14:40+08:00][ sql ] [ SQL ] SHOW COLUMNS FROM `admin_role` [ RunTime:0.000854s ]
sql
[2021-08-24T22:14:40+08:00][ sql ] [ SQL ] INSERT INTO `admin_role` (`id` , `name` , `description` , `url` , `status`) VALUES (1 , '管理员' , '后台管理员角色' , '1,2,3,4,5,6,7,8,9,10,11,12,13,14,15,16,17,18,19,20,21,22,23,24,25,26,27,28,29,30,31,32,33,34,35,36,37,38,39,40,41,42,43,44,45,46,47,48' , 1) [ RunTime:0.000458s ]
sql
[2021-08-24T22:14:40+08:00][ sql ] [ SQL ] SHOW COLUMNS FROM `user` [ RunTime:0.001089s ]
sql
[2021-08-24T22:14:40+08:00][ sql ] [ SQL ] INSERT INTO `user` (`id` , `avatar` , `user_level_id` , `username` , `mobile` , `nickname` , `password` , `status` , `create_time` , `update_time`) VALUES (1 , '/uploads/attachment/20190822/02fce9aecd6cadf6e019e988ad8703ce.png' , 2 , 'test001' , '13000000001' , '测试001' , 'JDJ5JDEwJDdTc01odHRlVFZCSXlNejVKQVR3MC5pZkpPSjNXaW1HUFhvMHhRRGV4ZFlnRnd2aVVsa3pp' , 1 , 1629814480 , 1629814480) [ RunTime:0.000553s ]
sql
[2021-08-24T22:14:40+08:00][ sql ] [ SQL ] INSERT INTO `user` (`id` , `avatar` , `user_level_id` , `username` , `mobile` , `nickname` , `password` , `status` , `create_time` , `update_time`) VALUES (2 , '/uploads/attachment/20190822/56644a9f283c058cd371316e186ef48a.png' , 3 , 'test002' , '18328374923' , '测试2号会员' , 'JDJ5JDEwJEluaUk5QklISU5FWmRpREo0M09Va2VEUTFrTEFjZnN6SURPN0xxMEJyeDVxaUFaYy5WLy5t' , 1 , 1629814480 , 1629814480) [ RunTime:0.000813s ]
sql
[2021-08-24T22:14:40+08:00][ sql ] [ SQL ] INSERT INTO `user` (`id` , `avatar` , `user_level_id` , `username` , `mobile` , `nickname` , `password` , `status` , `create_time` , `update_time`) VALUES (3 , '/uploads/attachment/20190822/f0a7cd43074283b428b0a33ecfca5f9d.png' , 4 , '测试3号' , '18653165683' , '测试3号' , 'JDJ5JDEwJHBMTjY0Z0U3aW5WaGtKWmFnOEhVek94cGxkWkJRanNPN3BKdFMzSnVMZjNTcXRDc25oaFVT' , 1 , 1629814480 , 1629814480) [ RunTime:0.000440s ]
sql
[2021-08-24T22:14:40+08:00][ sql ] [ SQL ] INSERT INTO `user` (`id` , `avatar` , `user_level_id` , `username` , `mobile` , `nickname` , `password` , `status` , `create_time` , `update_time`) VALUES (4 , '/uploads/attachment/20190822/1771ce624eccb96aad992df540126d3b.png' , 1 , '小女孩' , '13638392923' , '小女孩' , 'JDJ5JDEwJGpLLjZWMXZpc1ZOUHplWlA5VU1ZbS5wb3ZuSW14bFJXMWtFaFp0ODcyWEUydUhUSFI2N0NX' , 1 , 1629814480 , 1629814480) [ RunTime:0.000458s ]
sql
[2021-08-24T22:14:40+08:00][ sql ] [ SQL ] SHOW COLUMNS FROM `user_level` [ RunTime:0.000856s ]
sql
[2021-08-24T22:14:40+08:00][ sql ] [ SQL ] INSERT INTO `user_level` (`id` , `name` , `description` , `img` , `status` , `create_time` , `update_time`) VALUES (1 , '普通用户' , '普通用户' , '/uploads/attachment/20190822/65e4ad92ece9fdb7f3822ba4fc322bf6.png' , 1 , 1629814480 , 1629814480) [ RunTime:0.000483s ]
sql
[2021-08-24T22:14:40+08:00][ sql ] [ SQL ] INSERT INTO `user_level` (`id` , `name` , `description` , `img` , `status` , `create_time` , `update_time`) VALUES (2 , '青铜会员' , '青铜会员' , '/uploads/attachment/20190822/d0b153352b15ea7097403c563e9c3be4.png' , 1 , 1629814480 , 1629814480) [ RunTime:0.000392s ]
sql
[2021-08-24T22:14:40+08:00][ sql ] [ SQL ] INSERT INTO `user_level` (`id` , `name` , `description` , `img` , `status` , `create_time` , `update_time`) VALUES (3 , '白银会员' , '白银会员' , '/uploads/attachment/20190822/72031bafedeba534d1e862b8d717f8db.png' , 1 , 1629814480 , 1629814480) [ RunTime:0.000380s ]
sql
[2021-08-24T22:14:40+08:00][ sql ] [ SQL ] INSERT INTO `user_level` (`id` , `name` , `description` , `img` , `status` , `create_time` , `update_time`) VALUES (4 , '黄金会员' , '黄金会员' , '/uploads/attachment/20190822/6dcc15ea1701c449e63e6856f0931e2a.png' , 1 , 1629814480 , 1629814480) [ RunTime:0.000374s ]
sql
[2021-08-24T22:14:40+08:00][ sql ] [ SQL ] SHOW COLUMNS FROM `setting` [ RunTime:0.000882s ]
sql
[2021-08-24T22:14:40+08:00][ sql ] [ SQL ] INSERT INTO `setting` (`id` , `setting_group_id` , `name` , `description` , `code` , `content` , `create_time` , `update_time`) VALUES (1 , 1 , '基本设置' , '后台的基本信息设置' , 'base' , '[{\"name\":\"\\u540e\\u53f0\\u540d\\u79f0\",\"field\":\"name\",\"type\":\"text\",\"content\":\"XX\\u540e\\u53f0\\u7cfb\\u7edf\",\"option\":\"\"},{\"name\":\"\\u540e\\u53f0\\u7b80\\u79f0\",\"field\":\"short_name\",\"type\":\"text\",\"content\":\"\\u540e\\u53f0\",\"option\":\"\"},{\"name\":\"\\u540e\\u53f0\\u4f5c\\u8005\",\"field\":\"author\",\"type\":\"text\",\"content\":\"xx\\u79d1\\u6280\",\"option\":\"\"},{\"name\":\"\\u540e\\u53f0\\u7248\\u672c\",\"field\":\"version\",\"type\":\"text\",\"content\":\"0.1\",\"option\":\"\"}]' , 1629814480 , 1629814480) [ RunTime:0.000447s ]
sql
[2021-08-24T22:14:40+08:00][ sql ] [ SQL ] INSERT INTO `setting` (`id` , `setting_group_id` , `name` , `description` , `code` , `content` , `create_time` , `update_time`) VALUES (2 , 1 , '登录设置' , '后台登录相关设置' , 'login' , '[{\"name\":\"\\u767b\\u5f55token\\u9a8c\\u8bc1\",\"field\":\"token\",\"type\":\"switch\",\"content\":\"0\",\"option\":\"\"},{\"name\":\"\\u9a8c\\u8bc1\\u7801\",\"field\":\"captcha\",\"type\":\"select\",\"content\":\"1\",\"option\":\"0||\\u4e0d\\u5f00\\u542f\\r\\n1||\\u56fe\\u5f62\\u9a8c\\u8bc1\\u7801\\r\\n2||\\u6ed1\\u52a8\\u9a8c\\u8bc1\"},{\"name\":\"\\u767b\\u5f55\\u80cc\\u666f\",\"field\":\"background\",\"type\":\"image\",\"content\":\"\\/static\\/admin\\/images\\/login-default-bg.jpg\",\"option\":\"\"}]' , 1629814480 , 1629814480) [ RunTime:0.000583s ]
sql
[2021-08-24T22:14:40+08:00][ sql ] [ SQL ] INSERT INTO `setting` (`id` , `setting_group_id` , `name` , `description` , `code` , `content` , `create_time` , `update_time`) VALUES (3 , 1 , '首页设置' , '后台首页参数设置' , 'index' , '[{\"name\":\"\\u9ed8\\u8ba4\\u5bc6\\u7801\\u8b66\\u544a\",\"field\":\"password_warning\",\"type\":\"switch\",\"content\":\"1\",\"option\":\"\"},{\"name\":\"\\u662f\\u5426\\u663e\\u793a\\u63d0\\u793a\\u4fe1\\u606f\",\"field\":\"show_notice\",\"type\":\"switch\",\"content\":\"1\",\"option\":\"\"},{\"name\":\"\\u63d0\\u793a\\u4fe1\\u606f\\u5185\\u5bb9\",\"field\":\"notice_content\",\"type\":\"text\",\"content\":\"\\u6b22\\u8fce\\u6765\\u5230\\u4f7f\\u7528\\u672c\\u7cfb\\u7edf\\uff0c\\u5de6\\u4fa7\\u4e3a\\u83dc\\u5355\\u533a\\u57df\\uff0c\\u53f3\\u4fa7\\u4e3a\\u529f\\u80fd\\u533a\\u3002\",\"option\":\"\"}]' , 1629814480 , 1629814480) [ RunTime:0.000592s ]
sql
[2021-08-24T22:14:40+08:00][ sql ] [ SQL ] SHOW COLUMNS FROM `setting_group` [ RunTime:0.001093s ]
sql
[2021-08-24T22:14:40+08:00][ sql ] [ SQL ] INSERT INTO `setting_group` (`id` , `module` , `name` , `description` , `code` , `sort_number` , `icon` , `auto_create_menu` , `auto_create_file` , `create_time` , `update_time`) VALUES (1 , 'admin' , '后台设置' , '后台管理方面的设置' , 'admin' , 1000 , 'fa-adjust' , 1 , 1 , 1629814480 , 1629814480) [ RunTime:0.000673s ]
sql
[2021-08-24T23:18:27+08:00][ info ] [ LANG ] /opt/lampp/htdocs/demo/thinkphp/lang/zh-cn.php
info
[2021-08-24T23:29:45+08:00][ info ] [ LANG ] /opt/lampp/htdocs/demo/thinkphp/lang/zh-cn.php
info
[2021-08-24T23:31:25+08:00][ info ] [ LANG ] /opt/lampp/htdocs/demo/thinkphp/lang/zh-cn.php
info
